app/build/outputs/logs/manifest-merger-debug-report.txt
-- Merging decision tree log ---
manifest
ADDED from src/main/AndroidManifest.xml:2:1-61:12
	package
		ADDED from src/main/AndroidManifest.xml:3:5-34
		INJECTED from src/main/AndroidManifest.xml
		INJECTED from src/main/AndroidManifest.xml
	android:versionName
		ADDED from src/main/AndroidManifest.xml:6:5-32
		INJECTED from src/main/AndroidManifest.xml
		INJECTED from src/main/AndroidManifest.xml
	android:versionCode
		ADDED from src/main/AndroidManifest.xml:5:5-30
		INJECTED from src/main/AndroidManifest.xml
		INJECTED from src/main/AndroidManifest.xml
	xmlns:android
		ADDED from src/main/AndroidManifest.xml:2:11-69
	android:installLocation
		ADDED from src/main/AndroidManifest.xml:4:5-43
uses-sdk
ADDED from src/main/AndroidManifest.xml:8:5-43
	android:targetSdkVersion
		INJECTED from src/main/AndroidManifest.xml
		INJECTED from src/main/AndroidManifest.xml
	android:minSdkVersion
		ADDED from src/main/AndroidManifest.xml:8:15-40
		INJECTED from src/main/AndroidManifest.xml
		INJECTED from src/main/AndroidManifest.xml
application
ADDED from src/main/AndroidManifest.xml:10:5-29:19
	android:label
		ADDED from src/main/AndroidManifest.xml:12:9-41
	android:icon
		ADDED from src/main/AndroidManifest.xml:11:9-38
activity#com.baidu.mobads.AppActivity
ADDED from src/main/AndroidManifest.xml:13:9-125
	android:configChanges
		ADDED from src/main/AndroidManifest.xml:13:63-122
	android:name
		ADDED from src/main/AndroidManifest.xml:13:19-62
meta-data#BaiduMobAd_APP_ID
ADDED from src/main/AndroidManifest.xml:15:3-74
	android:value
		ADDED from src/main/AndroidManifest.xml:15:47-71
	android:name
		ADDED from src/main/AndroidManifest.xml:15:14-46
meta-data#BaiduMobAd_APP_SEC
ADDED from src/main/AndroidManifest.xml:17:3-74
	android:value
		ADDED from src/main/AndroidManifest.xml:17:48-72
	android:name
		ADDED from src/main/AndroidManifest.xml:17:14-47
activity#com.chenlia28.light.LightActivity
ADDED from src/main/AndroidManifest.xml:18:9-27:20
	android:label
		ADDED from src/main/AndroidManifest.xml:20:13-45
	android:theme
		ADDED from src/main/AndroidManifest.xml:21:13-71
	android:name
		ADDED from src/main/AndroidManifest.xml:19:13-42
intent-filter#android.intent.action.MAIN+android.intent.category.LAUNCHER
ADDED from src/main/AndroidManifest.xml:22:13-26:29
action#android.intent.action.MAIN
ADDED from src/main/AndroidManifest.xml:23:17-69
	android:name
		ADDED from src/main/AndroidManifest.xml:23:25-66
category#android.intent.category.LAUNCHER
ADDED from src/main/AndroidManifest.xml:25:17-77
	android:name
		ADDED from src/main/AndroidManifest.xml:25:27-74
uses-permission#android.permission.CAMERA
ADDED from src/main/AndroidManifest.xml:32:5-65
	android:name
		ADDED from src/main/AndroidManifest.xml:32:22-62
uses-feature#android.hardware.camera
ADDED from src/main/AndroidManifest.xml:33:5-60
	android:name
		ADDED from src/main/AndroidManifest.xml:33:19-57
uses-feature#android.hardware.autofocus
ADDED from src/main/AndroidManifest.xml:34:5-63
	android:name
		ADDED from src/main/AndroidManifest.xml:34:19-60
uses-permission#android.permission.FLASHLIGHT
ADDED from src/main/AndroidManifest.xml:36:5-69
	android:name
		ADDED from src/main/AndroidManifest.xml:36:22-66
uses-permission#android.permission.DISABLE_KEYGUARD
ADDED from src/main/AndroidManifest.xml:37:5-75
	android:name
		ADDED from src/main/AndroidManifest.xml:37:22-72
uses-permission#android.permission.READ_PHONE_STATE
ADDED from src/main/AndroidManifest.xml:40:5-75
	android:name
		ADDED from src/main/AndroidManifest.xml:40:22-72
uses-permission#android.permission.ACCESS_NETWORK_STATE
ADDED from src/main/AndroidManifest.xml:41:5-79
	android:name
		ADDED from src/main/AndroidManifest.xml:41:22-76
uses-permission#android.permission.INTERNET
ADDED from src/main/AndroidManifest.xml:42:5-67
	android:name
		ADDED from src/main/AndroidManifest.xml:42:22-64
uses-permission#android.permission.WAKE_LOCK
ADDED from src/main/AndroidManifest.xml:43:5-68
	android:name
		ADDED from src/main/AndroidManifest.xml:43:22-65
uses-permission#android.permission.WRITE_EXTERNAL_STORAGE
ADDED from src/main/AndroidManifest.xml:44:5-81
	android:name
		ADDED from src/main/AndroidManifest.xml:44:22-78
uses-permission#android.permission.SYSTEM_ALERT_WINDOW
ADDED from src/main/AndroidManifest.xml:45:5-78
	android:name
		ADDED from src/main/AndroidManifest.xml:45:22-75
uses-permission#android.permission.GET_TASKS
ADDED from src/main/AndroidManifest.xml:46:5-68
	android:name
		ADDED from src/main/AndroidManifest.xml:46:22-65
uses-permission#android.permission.ACCESS_COARSE_LOCATION
ADDED from src/main/AndroidManifest.xml:53:5-81
	android:name
		ADDED from src/main/AndroidManifest.xml:53:22-78
uses-permission#android.permission.ACCESS_FINE_LOCATION
ADDED from src/main/AndroidManifest.xml:54:5-79
	android:name
		ADDED from src/main/AndroidManifest.xml:54:22-76
uses-permission#android.permission.ACCESS_WIFI_STATE
ADDED from src/main/AndroidManifest.xml:57:5-76
	android:name
		ADDED from src/main/AndroidManifest.xml:57:22-73